<?xml version="1.0" encoding="UTF-8"?>
<!-- Generated by org.testng.reporters.JUnitReportReporter -->
<testsuite skipped="0" hostname="HARISCHA1" name="aafly.ssm.pages.Demo" tests="1" failures="0" timestamp="30 Jan 2018 13:49:01 GMT" time="0.054" errors="0">
  <testcase name="login" time="0.054" classname="aafly.ssm.pages.Demo"/>
</testsuite> <!-- aafly.ssm.pages.Demo -->
